<?xml version="1.0" encoding="UTF-8"?>
<!-- Generated by org.testng.reporters.JUnitReportReporter -->
<testsuite hostname="Mainaks-MacBook-Air.local" failures="0" tests="2" name="TestNG.TestNGKrishna" time="0.035" errors="0" timestamp="2022-05-14T17:03:40 IST" skipped="0">
  <testcase classname="TestNG.TestNGKrishna" name="loginfromxml" time="0.002"/>
  <system-out/>
  <testcase classname="TestNG.TestNGKrishna" name="include2" time="0.033"/>
  <system-out/>
</testsuite> <!-- TestNG.TestNGKrishna -->
