<?xml version="1.0" encoding="UTF-8"?>
<!-- Generated by org.testng.reporters.JUnitReportReporter -->
<testsuite hostname="Mainaks-MacBook-Air.local" failures="0" tests="2" name="selenium_beginings.Alert" time="49.268" errors="0" timestamp="2022-04-16T20:03:10 IST" skipped="0">
  <testcase classname="selenium_beginings.Alert" name="launch_browser" time="18.882"/>
  <system-out/>
  <testcase classname="selenium_beginings.Alert" name="alert" time="30.386"/>
  <system-out/>
</testsuite> <!-- selenium_beginings.Alert -->
