<?xml version="1.0" encoding="UTF-8"?>
<!-- Generated by org.testng.reporters.JUnitReportReporter -->
<testsuite hostname="Mainaks-MacBook-Air.local" failures="0" tests="1" name="TestNG.TestNG" time="0.006" errors="0" timestamp="2022-05-08T18:38:18 IST" skipped="0">
  <testcase classname="TestNG.TestNG" name="z_test1" time="0.006"/>
  <system-out/>
</testsuite> <!-- TestNG.TestNG -->
