<?xml version="1.0" encoding="UTF-8"?>
<!-- Generated by org.testng.reporters.JUnitReportReporter -->
<testsuite hostname="Mainaks-MacBook-Air.local" failures="0" tests="2" name="ExtentReports.ExtentReporting" time="18.669" errors="0" timestamp="2022-05-14T17:40:15 IST" skipped="0">
  <testcase classname="ExtentReports.ExtentReporting" name="demo" time="11.428"/>
  <system-out/>
  <testcase classname="ExtentReports.ExtentReporting" name="demo1" time="7.241"/>
  <system-out/>
</testsuite> <!-- ExtentReports.ExtentReporting -->
