<?xml version="1.0" encoding="UTF-8"?>
<!-- Generated by org.testng.reporters.JUnitReportReporter -->
<testsuite hostname="Mainaks-MacBook-Air.local" failures="0" tests="1" name="selenium_beginings.WebTables" time="18.492" errors="0" timestamp="2022-04-17T19:23:07 IST" skipped="0">
  <testcase classname="selenium_beginings.WebTables" name="launch_browser" time="18.492"/>
  <system-out/>
</testsuite> <!-- selenium_beginings.WebTables -->
